[
    "Slot         Card Type                               Oper State     SPOF  Attach", 
    "-----------  --------------------------------------  -------------  ----  ------", 
    " 1: CFC      Control Function Virtual Card           Standby        -           ", 
    " 2: CFC      Control Function Virtual Card           Active         No          ", 
    " 3: FC       1-Port Service Function Virtual Card    Active         No          ", 
    " 4: FC       1-Port Service Function Virtual Card    Active         No          ", 
    " 5: FC       1-Port Service Function Virtual Card    Active         No          ", 
    " 6: FC       1-Port Service Function Virtual Card    Active         No          ", 
    " 7: FC       1-Port Service Function Virtual Card    Active         No          ", 
    " 8: FC       1-Port Service Function Virtual Card    Active         No          ", 
    " 9: FC       1-Port Service Function Virtual Card    Active         No          ", 
    "10: FC       1-Port Service Function Virtual Card    Active         No          ", 
    "11: FC       1-Port Service Function Virtual Card    Active         No          ", 
    "12: FC       1-Port Service Function Virtual Card    Active         No          ", 
    "13: FC       1-Port Service Function Virtual Card    Active         No          ", 
    "14: FC       1-Port Service Function Virtual Card    Standby        -           "
]
[
    "Session Recovery Status:", 
    "  Overall Status        : Ready For Recovery", 
    "  Last Status Update    : 5 seconds ago", 
    "", 
    "              ----sessmgr---  ----aaamgr----  demux", 
    " cpu state    active standby  active standby  active  status", 
    "---- -------  ------ -------  ------ -------  ------  -------------------------", 
    " 3/0 Active   8      1        8      1        0       Good                     ", 
    " 4/0 Active   8      1        8      1        0       Good                     ", 
    " 5/0 Active   8      1        8      1        0       Good                     ", 
    " 6/0 Active   8      1        8      1        0       Good                     ", 
    " 7/0 Active   8      1        8      1        0       Good                     ", 
    " 8/0 Active   8      1        8      1        0       Good                     ", 
    " 9/0 Active   8      1        8      1        0       Good                     ", 
    "10/0 Active   0      0        0      0        13      Good (Demux)             ", 
    "11/0 Active   8      1        8      1        0       Good                     ", 
    "12/0 Active   8      1        8      1        0       Good                     ", 
    "13/0 Active   8      1        8      1        0       Good                     ", 
    "14/0 Standby  0      8        0      8        0       Good                     "
]
